<testExecutions version="1">
<file path="tests\pages\Home\Home.test.jsx">
<testCase name="HomePage Should have Welcome Text" duration="75" />
</file>
</testExecutions>